<?xml version="1.0" encoding="UTF-8"?>
<testsuites>
  <testsuite name="Tests\Feature\HandoverAuditProbeTest" file="/tmp/submission-platform-audit-2026-09-14/app/tests/Feature/HandoverAuditProbeTest.php" tests="14" assertions="20" errors="0" failures="13" skipped="0" time="0.845598">
    <testcase name="test_forged_temp_path_must_not_move_another_submissions_file" file="/tmp/submission-platform-audit-2026-09-14/app/tests/Feature/HandoverAuditProbeTest.php" line="43" class="Tests\Feature\HandoverAuditProbeTest" classname="Tests.Feature.HandoverAuditProbeTest" assertions="1" time="0.393775">
      <failure type="PHPUnit\Framework\ExpectationFailedException">Tests\Feature\HandoverAuditProbeTest::test_forged_temp_path_must_not_move_another_submissions_file
Unable to find a file or directory at path [submissions/01a09f82-fba8-7372-bde9-5bddb623d9bc/audit-secret.pdf].
Failed asserting that false is true.

/tmp/submission-platform-audit-2026-09-14/app/vendor/laravel/framework/src/Illuminate/Filesystem/FilesystemAdapter.php:135
/tmp/submission-platform-audit-2026-09-14/app/tests/Feature/HandoverAuditProbeTest.php:51</failure>
    </testcase>
    <testcase name="test_browser_edit_flag_must_not_bypass_closed_form" file="/tmp/submission-platform-audit-2026-09-14/app/tests/Feature/HandoverAuditProbeTest.php" line="54" class="Tests\Feature\HandoverAuditProbeTest" classname="Tests.Feature.HandoverAuditProbeTest" assertions="1" time="0.033820">
      <failure type="PHPUnit\Framework\ExpectationFailedException">Tests\Feature\HandoverAuditProbeTest::test_browser_edit_flag_must_not_bypass_closed_form
Failed asserting that a row in the table [submissions] does not match the attributes {
    "form_id": 1,
    "status": "submitted"
}.

Found similar results: [
    {
        "form_id": 1,
        "status": "submitted"
    }
].

/tmp/submission-platform-audit-2026-09-14/app/vendor/laravel/framework/src/Illuminate/Foundation/Testing/Concerns/InteractsWithDatabase.php:79
/tmp/submission-platform-audit-2026-09-14/app/tests/Feature/HandoverAuditProbeTest.php:60</failure>
    </testcase>
    <testcase name="test_submissions_must_stop_when_open_form_becomes_private" file="/tmp/submission-platform-audit-2026-09-14/app/tests/Feature/HandoverAuditProbeTest.php" line="63" class="Tests\Feature\HandoverAuditProbeTest" classname="Tests.Feature.HandoverAuditProbeTest" assertions="1" time="0.029169">
      <failure type="PHPUnit\Framework\ExpectationFailedException">Tests\Feature\HandoverAuditProbeTest::test_submissions_must_stop_when_open_form_becomes_private
Failed asserting that a row in the table [submissions] does not match the attributes {
    "form_id": 1,
    "status": "submitted"
}.

Found similar results: [
    {
        "form_id": 1,
        "status": "submitted"
    }
].

/tmp/submission-platform-audit-2026-09-14/app/vendor/laravel/framework/src/Illuminate/Foundation/Testing/Concerns/InteractsWithDatabase.php:79
/tmp/submission-platform-audit-2026-09-14/app/tests/Feature/HandoverAuditProbeTest.php:69</failure>
    </testcase>
    <testcase name="test_stale_draft_must_not_overwrite_submitted_answers" file="/tmp/submission-platform-audit-2026-09-14/app/tests/Feature/HandoverAuditProbeTest.php" line="72" class="Tests\Feature\HandoverAuditProbeTest" classname="Tests.Feature.HandoverAuditProbeTest" assertions="1" time="0.033958">
      <failure type="PHPUnit\Framework\ExpectationFailedException">Tests\Feature\HandoverAuditProbeTest::test_stale_draft_must_not_overwrite_submitted_answers
Failed asserting that two strings are identical.
--- Expected
+++ Actual
@@ @@
-'original'
+'overwritten after submission'

/tmp/submission-platform-audit-2026-09-14/app/tests/Feature/HandoverAuditProbeTest.php:81</failure>
    </testcase>
    <testcase name="test_repeat_autosave_must_preserve_file_reference" file="/tmp/submission-platform-audit-2026-09-14/app/tests/Feature/HandoverAuditProbeTest.php" line="84" class="Tests\Feature\HandoverAuditProbeTest" classname="Tests.Feature.HandoverAuditProbeTest" assertions="1" time="0.052812"/>
    <testcase name="test_required_checkbox_must_have_selection" file="/tmp/submission-platform-audit-2026-09-14/app/tests/Feature/HandoverAuditProbeTest.php" line="96" class="Tests\Feature\HandoverAuditProbeTest" classname="Tests.Feature.HandoverAuditProbeTest" assertions="1" time="0.041926">
      <failure type="PHPUnit\Framework\ExpectationFailedException">Tests\Feature\HandoverAuditProbeTest::test_required_checkbox_must_have_selection
Failed asserting that a row in the table [submissions] does not match the attributes {
    "form_id": 1,
    "status": "submitted"
}.

Found similar results: [
    {
        "form_id": 1,
        "status": "submitted"
    }
].

/tmp/submission-platform-audit-2026-09-14/app/vendor/laravel/framework/src/Illuminate/Foundation/Testing/Concerns/InteractsWithDatabase.php:79
/tmp/submission-platform-audit-2026-09-14/app/tests/Feature/HandoverAuditProbeTest.php:100</failure>
    </testcase>
    <testcase name="test_json_export_must_preserve_checkbox_selections" file="/tmp/submission-platform-audit-2026-09-14/app/tests/Feature/HandoverAuditProbeTest.php" line="103" class="Tests\Feature\HandoverAuditProbeTest" classname="Tests.Feature.HandoverAuditProbeTest" assertions="2" time="0.035290">
      <failure type="PHPUnit\Framework\ExpectationFailedException">Tests\Feature\HandoverAuditProbeTest::test_json_export_must_preserve_checkbox_selections
Failed asserting that true is identical to 'Alpha, Beta'.

/tmp/submission-platform-audit-2026-09-14/app/vendor/laravel/framework/src/Illuminate/Testing/AssertableJsonString.php:243
/tmp/submission-platform-audit-2026-09-14/app/vendor/laravel/framework/src/Illuminate/Testing/TestResponse.php:880
/tmp/submission-platform-audit-2026-09-14/app/tests/Feature/HandoverAuditProbeTest.php:108</failure>
    </testcase>
    <testcase name="test_api_must_not_reveal_someone_elses_draft" file="/tmp/submission-platform-audit-2026-09-14/app/tests/Feature/HandoverAuditProbeTest.php" line="111" class="Tests\Feature\HandoverAuditProbeTest" classname="Tests.Feature.HandoverAuditProbeTest" assertions="2" time="0.039488">
      <failure type="PHPUnit\Framework\ExpectationFailedException">Tests\Feature\HandoverAuditProbeTest::test_api_must_not_reveal_someone_elses_draft
Expected response status code [403] but received 200.
Failed asserting that 200 is identical to 403.

/tmp/submission-platform-audit-2026-09-14/app/vendor/laravel/framework/src/Illuminate/Testing/TestResponseAssert.php:45
/tmp/submission-platform-audit-2026-09-14/app/vendor/laravel/framework/src/Illuminate/Testing/TestResponse.php:175
/tmp/submission-platform-audit-2026-09-14/app/vendor/laravel/framework/src/Illuminate/Testing/Concerns/AssertsStatusCodes.php:141
/tmp/submission-platform-audit-2026-09-14/app/tests/Feature/HandoverAuditProbeTest.php:120</failure>
    </testcase>
    <testcase name="test_rate_limit_response_must_be_429" file="/tmp/submission-platform-audit-2026-09-14/app/tests/Feature/HandoverAuditProbeTest.php" line="123" class="Tests\Feature\HandoverAuditProbeTest" classname="Tests.Feature.HandoverAuditProbeTest" assertions="2" time="0.052883">
      <failure type="PHPUnit\Framework\ExpectationFailedException">Tests\Feature\HandoverAuditProbeTest::test_rate_limit_response_must_be_429
Expected response status code [429] but received 500.
Failed asserting that 500 is identical to 429.

/tmp/submission-platform-audit-2026-09-14/app/vendor/laravel/framework/src/Illuminate/Testing/TestResponseAssert.php:45
/tmp/submission-platform-audit-2026-09-14/app/vendor/laravel/framework/src/Illuminate/Testing/TestResponse.php:175
/tmp/submission-platform-audit-2026-09-14/app/tests/Feature/HandoverAuditProbeTest.php:136</failure>
    </testcase>
    <testcase name="test_deleting_owner_must_not_destroy_others_submissions" file="/tmp/submission-platform-audit-2026-09-14/app/tests/Feature/HandoverAuditProbeTest.php" line="139" class="Tests\Feature\HandoverAuditProbeTest" classname="Tests.Feature.HandoverAuditProbeTest" assertions="1" time="0.018051">
      <failure type="PHPUnit\Framework\ExpectationFailedException">Tests\Feature\HandoverAuditProbeTest::test_deleting_owner_must_not_destroy_others_submissions
Failed asserting that a row in the table [submissions] matches the attributes {
    "id": "01a09f82-fd32-721c-a9aa-e1b558e83762"
}.

The table is empty.

/tmp/submission-platform-audit-2026-09-14/app/vendor/laravel/framework/src/Illuminate/Foundation/Testing/Concerns/InteractsWithDatabase.php:43
/tmp/submission-platform-audit-2026-09-14/app/tests/Feature/HandoverAuditProbeTest.php:145</failure>
    </testcase>
    <testcase name="test_deleting_used_field_must_preserve_submitted_answers" file="/tmp/submission-platform-audit-2026-09-14/app/tests/Feature/HandoverAuditProbeTest.php" line="148" class="Tests\Feature\HandoverAuditProbeTest" classname="Tests.Feature.HandoverAuditProbeTest" assertions="2" time="0.032359">
      <failure type="PHPUnit\Framework\ExpectationFailedException">Tests\Feature\HandoverAuditProbeTest::test_deleting_used_field_must_preserve_submitted_answers
Failed asserting that a row in the table [submission_values] matches the attributes {
    "id": 1
}.

The table is empty.

/tmp/submission-platform-audit-2026-09-14/app/vendor/laravel/framework/src/Illuminate/Foundation/Testing/Concerns/InteractsWithDatabase.php:43
/tmp/submission-platform-audit-2026-09-14/app/tests/Feature/HandoverAuditProbeTest.php:154</failure>
    </testcase>
    <testcase name="test_api_form_deletion_must_remove_owned_files" file="/tmp/submission-platform-audit-2026-09-14/app/tests/Feature/HandoverAuditProbeTest.php" line="157" class="Tests\Feature\HandoverAuditProbeTest" classname="Tests.Feature.HandoverAuditProbeTest" assertions="2" time="0.026540">
      <failure type="PHPUnit\Framework\ExpectationFailedException">Tests\Feature\HandoverAuditProbeTest::test_api_form_deletion_must_remove_owned_files
Found unexpected file or directory at path [submissions/01a09f82-fd67-72c1-9ecd-5539e1f03fae/audit-orphan.pdf].
Failed asserting that true is false.

/tmp/submission-platform-audit-2026-09-14/app/vendor/laravel/framework/src/Illuminate/Filesystem/FilesystemAdapter.php:187
/tmp/submission-platform-audit-2026-09-14/app/tests/Feature/HandoverAuditProbeTest.php:167</failure>
    </testcase>
    <testcase name="test_api_checkbox_must_accept_same_selection_shape_as_browser" file="/tmp/submission-platform-audit-2026-09-14/app/tests/Feature/HandoverAuditProbeTest.php" line="170" class="Tests\Feature\HandoverAuditProbeTest" classname="Tests.Feature.HandoverAuditProbeTest" assertions="1" time="0.025576">
      <failure type="PHPUnit\Framework\ExpectationFailedException">Tests\Feature\HandoverAuditProbeTest::test_api_checkbox_must_accept_same_selection_shape_as_browser
Expected response status code [201] but received 422.
Failed asserting that 422 is identical to 201.

The following errors occurred during the last request:

{
    "message": "Validation failed",
    "errors": {
        "values.1": [
            "The values.1 field must be true or false."
        ]
    }
}

/tmp/submission-platform-audit-2026-09-14/app/vendor/laravel/framework/src/Illuminate/Testing/TestResponseAssert.php:45
/tmp/submission-platform-audit-2026-09-14/app/vendor/laravel/framework/src/Illuminate/Testing/TestResponse.php:175
/tmp/submission-platform-audit-2026-09-14/app/vendor/laravel/framework/src/Illuminate/Testing/Concerns/AssertsStatusCodes.php:26
/tmp/submission-platform-audit-2026-09-14/app/tests/Feature/HandoverAuditProbeTest.php:174</failure>
    </testcase>
    <testcase name="test_json_export_query_count_should_not_grow_per_submission" file="/tmp/submission-platform-audit-2026-09-14/app/tests/Feature/HandoverAuditProbeTest.php" line="177" class="Tests\Feature\HandoverAuditProbeTest" classname="Tests.Feature.HandoverAuditProbeTest" assertions="2" time="0.029952">
      <failure type="PHPUnit\Framework\ExpectationFailedException">Tests\Feature\HandoverAuditProbeTest::test_json_export_query_count_should_not_grow_per_submission
One submission: 9 SQL queries; five submissions: 21 SQL queries
Failed asserting that 21 is equal to 12 or is less than 12.

/tmp/submission-platform-audit-2026-09-14/app/tests/Feature/HandoverAuditProbeTest.php:195</failure>
    </testcase>
  </testsuite>
</testsuites>
